2021-06-07T08:07:37.553461Z	info	on envs[NVM_INC=/Users/zhaocheng/.nvm/versions/node/v12.13.1/include/node NVM_CD_FLAGS= TERM=xterm-256color SHELL=/bin/bash _INTELLIJ_FORCE_SET_GO111MODULE=on TMPDIR=/var/folders/0l/9p4vn0g50052jzwjx0h9_2fh0000gn/T/ GOBIN=/Users/zhaocheng/zhzcGo91160/bin Apple_PubSub_Socket_Render=/private/tmp/com.apple.launchd.ayKHdW4QVh/Render _INTELLIJ_FORCE_PREPEND_PATH=/usr/local/Cellar/go/1.15/libexec/bin:/Users/zhaocheng/zhzcGo91160/bin: GOPRIVATE=*.91160.com NVM_DIR=/Users/zhaocheng/.nvm USER=zhaocheng SSH_AUTH_SOCK=/private/tmp/com.apple.launchd.krHeE5UVnC/Listeners __CF_USER_TEXT_ENCODING=0x1F5:0x19:0x34 GO111MODULE=on PATH=/usr/local/Cellar/go/1.15/libexec/bin:/Users/zhaocheng/zhzcGo91160/bin:/Users/zhaocheng/.nvm/versions/node/v12.13.1/bin:/usr/local/opt/php@7.2/sbin:/usr/local/opt/php@7.2/bin:/usr/local/bin:/usr/bin:/bin:/usr/sbin:/sbin:/Users/zhaocheng/zhzcGo91160/bin TERMINAL_EMULATOR=JetBrains-JediTerm GOPROXY=https://goproxy.io,direct gserver_Database_Driver=mysql _INTELLIJ_FORCE_SET_GOROOT=/usr/local/Cellar/go/1.15/libexec PWD=/Users/zhaocheng/zhzcshmd/gserver _INTELLIJ_FORCE_SET_GOPATH=/Users/zhaocheng/zhzcGo91160 XPC_FLAGS=0x0 _INTELLIJ_FORCE_SET_GOPROXY=https://goproxy.io,direct XPC_SERVICE_NAME=0 GO_RUNMODE=dev SHLVL=1 HOME=/Users/zhaocheng GOROOT=/usr/local/Cellar/go/1.15/libexec gserver_Database_DSN=root:1d78e71647762534@tcp(182.151.10.143)/pre_ssmd_edu?charset=utf8&parseTime=True&loc=Local LOGNAME=zhaocheng LC_CTYPE=zh_CN.UTF-8 NVM_BIN=/Users/zhaocheng/.nvm/versions/node/v12.13.1/bin GOPATH=/Users/zhaocheng/zhzcGo91160 gserver_ServerPort=8081 GONOSUMDB=*.91160.com,*.github.com _=/usr/bin/nohup]
Current environment: 'development'
Failed to find configuration 
Trying to load struct `serverConfig`'s field `Pprof` from env gserver_Pprof, GSERVER_PPROF
Trying to load struct `serverConfig`'s field `Database` from env gserver_Database, GSERVER_DATABASE
Trying to load struct ``'s field `Driver` from env gserver_Database_Driver, GSERVER_DATABASE_DRIVER
Loading configuration for struct ``'s field `Driver` from env gserver_Database_Driver...
Trying to load struct ``'s field `DSN` from env gserver_Database_DSN, GSERVER_DATABASE_DSN
Loading configuration for struct ``'s field `DSN` from env gserver_Database_DSN...
Trying to load struct `serverConfig`'s field `LoggerLevel` from env gserver_LoggerLevel, GSERVER_LOGGERLEVEL
Configuration:
  &cmd.serverConfig{Pprof:false, Database:struct { Driver string "json:\"driver\" required:\"true\""; DSN string "json:\"dsn\" required:\"true\"" }{Driver:"mysql", DSN:"root:1d78e71647762534@tcp(182.151.10.143)/pre_ssmd_edu?charset=utf8&parseTime=True&loc=Local"}, LoggerLevel:""}
2021-06-07T08:07:37.554452Z	info	config loaded{ServerConfig 23 0  {false {mysql root:1d78e71647762534@tcp(182.151.10.143)/pre_ssmd_edu?charset=utf8&parseTime=True&loc=Local} }}
[GIN-debug] [WARNING] Running in "debug" mode. Switch to "release" mode in production.
 - using env:	export GIN_MODE=release
 - using code:	gin.SetMode(gin.ReleaseMode)

&{0xc000566240 map[] map[] map[] map[]}
[GIN-debug] POST   /pong                     --> gserver/httpapi.ResponseToJSON.func1 (5 handlers)
[GIN-debug] POST   /user/register            --> gserver/httpapi.ResponseToJSON.func1 (5 handlers)
[GIN-debug] POST   /api/sms_login            --> gserver/httpapi.ResponseToJSON.func1 (5 handlers)
[GIN-debug] POST   /api/pwd_login            --> gserver/httpapi.ResponseToJSON.func1 (5 handlers)
[GIN-debug] POST   /api/send_sms             --> gserver/httpapi.ResponseToJSON.func1 (5 handlers)
[GIN-debug] POST   /api/set_pwd              --> gserver/httpapi.ResponseToJSON.func1 (5 handlers)
[GIN-debug] POST   /api/auth/personal_data   --> gserver/httpapi.ResponseToJSON.func1 (6 handlers)
[GIN-debug] POST   /api/auth/update_user_info --> gserver/httpapi.ResponseToJSON.func1 (6 handlers)
[GIN-debug] POST   /api/auth/update_phone    --> gserver/httpapi.ResponseToJSON.func1 (6 handlers)
[GIN-debug] POST   /api/auth/get_question_index --> gserver/httpapi.ResponseToJSON.func1 (6 handlers)
[GIN-debug] POST   /api/auth/get_course_question_bank_info --> gserver/httpapi.ResponseToJSON.func1 (6 handlers)
[GIN-debug] POST   /api/auth/get_question_bank_exam_list --> gserver/httpapi.ResponseToJSON.func1 (6 handlers)
[GIN-debug] POST   /admin/other/sync_user    --> gserver/httpapi.ResponseToJSON.func1 (5 handlers)
[GIN-debug] POST   /admin/other/sync_admin   --> gserver/httpapi.ResponseToJSON.func1 (5 handlers)
[GIN-debug] POST   /admin/other/login        --> gserver/httpapi.ResponseToJSON.func1 (5 handlers)
[GIN-debug] POST   /admin/basic_config/oss/auth --> gserver/httpapi.ResponseToJSON.func1 (5 handlers)
[GIN-debug] POST   /admin/basic_config/city_set --> gserver/httpapi.ResponseToJSON.func1 (5 handlers)
[GIN-debug] POST   /admin/basic_config/city_del --> gserver/httpapi.ResponseToJSON.func1 (5 handlers)
[GIN-debug] POST   /admin/basic_config/city_status --> gserver/httpapi.ResponseToJSON.func1 (5 handlers)
[GIN-debug] POST   /admin/basic_config/city_page_list --> gserver/httpapi.ResponseToJSON.func1 (5 handlers)
[GIN-debug] POST   /admin/basic_config/city_list --> gserver/httpapi.ResponseToJSON.func1 (5 handlers)
[GIN-debug] POST   /admin/basic_config/item_set --> gserver/httpapi.ResponseToJSON.func1 (5 handlers)
[GIN-debug] POST   /admin/basic_config/item_del --> gserver/httpapi.ResponseToJSON.func1 (5 handlers)
[GIN-debug] POST   /admin/basic_config/item_status --> gserver/httpapi.ResponseToJSON.func1 (5 handlers)
[GIN-debug] POST   /admin/basic_config/item_page_list --> gserver/httpapi.ResponseToJSON.func1 (5 handlers)
[GIN-debug] POST   /admin/basic_config/item_list --> gserver/httpapi.ResponseToJSON.func1 (5 handlers)
[GIN-debug] POST   /admin/basic_config/major_set --> gserver/httpapi.ResponseToJSON.func1 (5 handlers)
[GIN-debug] POST   /admin/basic_config/major_del --> gserver/httpapi.ResponseToJSON.func1 (5 handlers)
[GIN-debug] POST   /admin/basic_config/major_status --> gserver/httpapi.ResponseToJSON.func1 (5 handlers)
[GIN-debug] POST   /admin/basic_config/major_page_list --> gserver/httpapi.ResponseToJSON.func1 (5 handlers)
[GIN-debug] POST   /admin/basic_config/major_list --> gserver/httpapi.ResponseToJSON.func1 (5 handlers)
[GIN-debug] POST   /admin/manager/role_add   --> gserver/httpapi.ResponseToJSON.func1 (5 handlers)
[GIN-debug] POST   /admin/manager/permission_add --> gserver/httpapi.ResponseToJSON.func1 (5 handlers)
[GIN-debug] POST   /admin/manager/admin_role_add --> gserver/httpapi.ResponseToJSON.func1 (5 handlers)
[GIN-debug] POST   /admin/manager/role_permission_add --> gserver/httpapi.ResponseToJSON.func1 (5 handlers)
[GIN-debug] POST   /admin/manager/user_list  --> gserver/httpapi.ResponseToJSON.func1 (5 handlers)
[GIN-debug] POST   /admin/manager/teacher_list --> gserver/httpapi.ResponseToJSON.func1 (5 handlers)
[GIN-debug] POST   /admin/tk/question_bank_page_list --> gserver/httpapi.ResponseToJSON.func1 (5 handlers)
[GIN-debug] POST   /admin/tk/question_bank_set --> gserver/httpapi.ResponseToJSON.func1 (5 handlers)
[GIN-debug] POST   /admin/tk/question_bank_del --> gserver/httpapi.ResponseToJSON.func1 (5 handlers)
[GIN-debug] POST   /admin/tk/question_bank_status --> gserver/httpapi.ResponseToJSON.func1 (5 handlers)
[GIN-debug] POST   /admin/tk/bank_question_type_count --> gserver/httpapi.ResponseToJSON.func1 (5 handlers)
[GIN-debug] POST   /admin/tk/chapter_page_list --> gserver/httpapi.ResponseToJSON.func1 (5 handlers)
[GIN-debug] POST   /admin/tk/chapter_set     --> gserver/httpapi.ResponseToJSON.func1 (5 handlers)
[GIN-debug] POST   /admin/tk/chapter_del     --> gserver/httpapi.ResponseToJSON.func1 (5 handlers)
[GIN-debug] POST   /admin/tk/section_set     --> gserver/httpapi.ResponseToJSON.func1 (5 handlers)
[GIN-debug] POST   /admin/tk/section_del     --> gserver/httpapi.ResponseToJSON.func1 (5 handlers)
[GIN-debug] POST   /admin/tk/cs_question_list --> gserver/httpapi.ResponseToJSON.func1 (5 handlers)
[GIN-debug] POST   /admin/tk/question_ids_in_cs --> gserver/httpapi.ResponseToJSON.func1 (5 handlers)
[GIN-debug] POST   /admin/tk/section_question_set --> gserver/httpapi.ResponseToJSON.func1 (5 handlers)
[GIN-debug] POST   /admin/tk/section_question_del --> gserver/httpapi.ResponseToJSON.func1 (5 handlers)
[GIN-debug] POST   /admin/tk/knowledge_point_page_list --> gserver/httpapi.ResponseToJSON.func1 (5 handlers)
[GIN-debug] POST   /admin/tk/knowledge_point_list --> gserver/httpapi.ResponseToJSON.func1 (5 handlers)
[GIN-debug] POST   /admin/tk/knowledge_point_set --> gserver/httpapi.ResponseToJSON.func1 (5 handlers)
[GIN-debug] POST   /admin/tk/knowledge_point_del --> gserver/httpapi.ResponseToJSON.func1 (5 handlers)
[GIN-debug] POST   /admin/tk/question_page_list --> gserver/httpapi.ResponseToJSON.func1 (5 handlers)
[GIN-debug] POST   /admin/tk/question_by_id  --> gserver/httpapi.ResponseToJSON.func1 (5 handlers)
[GIN-debug] POST   /admin/tk/question_set    --> gserver/httpapi.ResponseToJSON.func1 (5 handlers)
[GIN-debug] POST   /admin/tk/question_del    --> gserver/httpapi.ResponseToJSON.func1 (5 handlers)
[GIN-debug] POST   /admin/tk/feedback_list   --> gserver/httpapi.ResponseToJSON.func1 (5 handlers)
[GIN-debug] POST   /admin/tk/deal_feedback   --> gserver/httpapi.ResponseToJSON.func1 (5 handlers)
[GIN-debug] POST   /admin/tk/exam_paper_set  --> gserver/httpapi.ResponseToJSON.func1 (5 handlers)
[GIN-debug] POST   /admin/tk/exam_paper_del  --> gserver/httpapi.ResponseToJSON.func1 (5 handlers)
[GIN-debug] POST   /admin/tk/exam_paper_page_list --> gserver/httpapi.ResponseToJSON.func1 (5 handlers)
[GIN-debug] POST   /admin/tk/exam_paper_all_list --> gserver/httpapi.ResponseToJSON.func1 (5 handlers)
[GIN-debug] POST   /admin/tk/exam_paper_by_id --> gserver/httpapi.ResponseToJSON.func1 (5 handlers)
[GIN-debug] POST   /admin/tk/simulation_page_list --> gserver/httpapi.ResponseToJSON.func1 (5 handlers)
[GIN-debug] POST   /admin/tk/user_subjective_simulation --> gserver/httpapi.ResponseToJSON.func1 (5 handlers)
[GIN-debug] POST   /admin/tk/user_subjective_set --> gserver/httpapi.ResponseToJSON.func1 (5 handlers)
[GIN-debug] POST   /admin/community/activity_type_set --> gserver/httpapi.ResponseToJSON.func1 (5 handlers)
[GIN-debug] POST   /admin/community/activity_type_del --> gserver/httpapi.ResponseToJSON.func1 (5 handlers)
[GIN-debug] POST   /admin/community/activity_type_status --> gserver/httpapi.ResponseToJSON.func1 (5 handlers)
[GIN-debug] POST   /admin/community/activity_type_page_list --> gserver/httpapi.ResponseToJSON.func1 (5 handlers)
[GIN-debug] POST   /admin/community/activity_type_list --> gserver/httpapi.ResponseToJSON.func1 (5 handlers)
[GIN-debug] POST   /admin/community/info_classify_set --> gserver/httpapi.ResponseToJSON.func1 (5 handlers)
[GIN-debug] POST   /admin/community/info_classify_del --> gserver/httpapi.ResponseToJSON.func1 (5 handlers)
[GIN-debug] POST   /admin/community/info_classify_status --> gserver/httpapi.ResponseToJSON.func1 (5 handlers)
[GIN-debug] POST   /admin/community/info_classify_page_list --> gserver/httpapi.ResponseToJSON.func1 (5 handlers)
[GIN-debug] POST   /admin/community/info_classify_list --> gserver/httpapi.ResponseToJSON.func1 (5 handlers)
[GIN-debug] POST   /admin/community/msg_type_set --> gserver/httpapi.ResponseToJSON.func1 (5 handlers)
[GIN-debug] POST   /admin/community/msg_type_del --> gserver/httpapi.ResponseToJSON.func1 (5 handlers)
[GIN-debug] POST   /admin/community/msg_type_status --> gserver/httpapi.ResponseToJSON.func1 (5 handlers)
[GIN-debug] POST   /admin/community/msg_type_page_list --> gserver/httpapi.ResponseToJSON.func1 (5 handlers)
[GIN-debug] POST   /admin/community/msg_type_list --> gserver/httpapi.ResponseToJSON.func1 (5 handlers)
[GIN-debug] POST   /admin/community/hot_search_set --> gserver/httpapi.ResponseToJSON.func1 (5 handlers)
[GIN-debug] POST   /admin/community/hot_search_del --> gserver/httpapi.ResponseToJSON.func1 (5 handlers)
[GIN-debug] POST   /admin/community/hot_search_status --> gserver/httpapi.ResponseToJSON.func1 (5 handlers)
[GIN-debug] POST   /admin/community/hot_search_page_list --> gserver/httpapi.ResponseToJSON.func1 (5 handlers)
[GIN-debug] POST   /admin/community/hot_search_list --> gserver/httpapi.ResponseToJSON.func1 (5 handlers)
[GIN-debug] Listening and serving HTTP on :8081
